BatteryKPITest/BatteryKPITest_Phone/autocall/build/outputs/logs/manifest-merger-debug-report.txt
-- Merging decision tree log ---
manifest
ADDED from src/main/AndroidManifest.xml:2:1-49:12
	package
		ADDED from src/main/AndroidManifest.xml:3:5-45
		INJECTED from src/main/AndroidManifest.xml
		INJECTED from src/main/AndroidManifest.xml
	android:sharedUserId
		ADDED from src/main/AndroidManifest.xml:4:5-46
	android:versionName
		INJECTED from src/main/AndroidManifest.xml
		INJECTED from src/main/AndroidManifest.xml
	xmlns:android
		ADDED from src/main/AndroidManifest.xml:2:11-69
	android:versionCode
		INJECTED from src/main/AndroidManifest.xml
		INJECTED from src/main/AndroidManifest.xml
uses-permission#android.permission.READ_PHONE_STATE
ADDED from src/main/AndroidManifest.xml:7:5-75
	android:name
		ADDED from src/main/AndroidManifest.xml:7:22-72
uses-permission#android.permission.CALL_PHONE
ADDED from src/main/AndroidManifest.xml:8:5-69
	android:name
		ADDED from src/main/AndroidManifest.xml:8:22-66
uses-permission#android.permission.READ_PRIVILEGED_PHONE_STATE
ADDED from src/main/AndroidManifest.xml:9:5-85
	android:name
		ADDED from src/main/AndroidManifest.xml:9:22-83
uses-permission#android.permission.READ_SETTINGS
ADDED from src/main/AndroidManifest.xml:10:5-72
	android:name
		ADDED from src/main/AndroidManifest.xml:10:22-69
uses-permission#android.permission.WRITE_SETTINGS
ADDED from src/main/AndroidManifest.xml:11:5-73
	android:name
		ADDED from src/main/AndroidManifest.xml:11:22-70
application
ADDED from src/main/AndroidManifest.xml:14:5-47:19
MERGED from [com.android.support.constraint:constraint-layout:1.0.2] AndroidManifest.xml:9:5-20
	android:label
		ADDED from src/main/AndroidManifest.xml:17:9-41
	android:supportsRtl
		ADDED from src/main/AndroidManifest.xml:19:9-35
	android:roundIcon
		ADDED from src/main/AndroidManifest.xml:18:9-54
	android:allowBackup
		ADDED from src/main/AndroidManifest.xml:15:9-35
	android:icon
		ADDED from src/main/AndroidManifest.xml:16:9-43
	android:persistent
		ADDED from src/main/AndroidManifest.xml:21:9-34
	android:theme
		ADDED from src/main/AndroidManifest.xml:20:9-40
activity#com.example.chenghao.xmlpraser.MainActivity
ADDED from src/main/AndroidManifest.xml:22:9-28:20
	android:name
		ADDED from src/main/AndroidManifest.xml:22:19-47
intent-filter#android.intent.action.MAIN+android.intent.category.LAUNCHER
ADDED from src/main/AndroidManifest.xml:23:13-27:29
action#android.intent.action.MAIN
ADDED from src/main/AndroidManifest.xml:24:17-69
	android:name
		ADDED from src/main/AndroidManifest.xml:24:25-66
category#android.intent.category.LAUNCHER
ADDED from src/main/AndroidManifest.xml:26:17-77
	android:name
		ADDED from src/main/AndroidManifest.xml:26:27-74
receiver#com.example.chenghao.xmlpraser.PhoneStateReceiver
ADDED from src/main/AndroidManifest.xml:30:9-37:20
	android:enabled
		ADDED from src/main/AndroidManifest.xml:31:13-35
	android:process
		ADDED from src/main/AndroidManifest.xml:32:13-50
	android:name
		ADDED from src/main/AndroidManifest.xml:30:19-53
intent-filter#android.intent.action.NEW_OUTGOING_CALL+android.intent.action.PHONE_STATE
ADDED from src/main/AndroidManifest.xml:33:13-36:29
	android:priority
		ADDED from src/main/AndroidManifest.xml:33:28-50
action#android.intent.action.NEW_OUTGOING_CALL
ADDED from src/main/AndroidManifest.xml:34:17-82
	android:name
		ADDED from src/main/AndroidManifest.xml:34:25-79
action#android.intent.action.PHONE_STATE
ADDED from src/main/AndroidManifest.xml:35:17-76
	android:name
		ADDED from src/main/AndroidManifest.xml:35:25-73
uses-sdk
INJECTED from src/main/AndroidManifest.xml reason: use-sdk injection requested
MERGED from [com.android.support:appcompat-v7:27.1.1] AndroidManifest.xml:20:5-44
MERGED from [com.android.support:support-fragment:27.1.1] AndroidManifest.xml:20:5-44
MERGED from [android.arch.lifecycle:livedata-core:1.1.0] AndroidManifest.xml:20:5-44
MERGED from [android.arch.core:runtime:1.1.0] AndroidManifest.xml:20:5-44
MERGED from [android.arch.lifecycle:viewmodel:1.1.0] AndroidManifest.xml:20:5-44
MERGED from [com.android.support:animated-vector-drawable:27.1.1] AndroidManifest.xml:20:5-44
MERGED from [com.android.support:support-vector-drawable:27.1.1] AndroidManifest.xml:20:5-44
MERGED from [com.android.support:support-core-ui:27.1.1] AndroidManifest.xml:20:5-44
MERGED from [com.android.support:support-core-utils:27.1.1] AndroidManifest.xml:20:5-44
MERGED from [com.android.support:support-compat:27.1.1] AndroidManifest.xml:20:5-44
MERGED from [android.arch.lifecycle:runtime:1.1.0] AndroidManifest.xml:20:5-44
MERGED from [com.android.support.constraint:constraint-layout:1.0.2] AndroidManifest.xml:5:5-7:41
	android:targetSdkVersion
		INJECTED from src/main/AndroidManifest.xml
		INJECTED from src/main/AndroidManifest.xml
	android:minSdkVersion
		INJECTED from src/main/AndroidManifest.xml
		INJECTED from src/main/AndroidManifest.xml